<?xml version="1.0" encoding="UTF-8"?>
<testng-results skipped="0" failed="0" total="1" passed="1">
  <reporter-output>
  </reporter-output>
  <suite name="Default suite" duration-ms="2504" started-at="2019-06-09T04:00:30Z" finished-at="2019-06-09T04:00:32Z">
    <groups>
    </groups>
    <test name="Default test" duration-ms="2504" started-at="2019-06-09T04:00:30Z" finished-at="2019-06-09T04:00:32Z">
      <class name="com.basic.TestingGoogleWebservice">
        <test-method status="PASS" signature="testGoogle()[pri:0, instance:com.basic.TestingGoogleWebservice@36d64342]" name="testGoogle" duration-ms="2484" started-at="2019-06-09T09:30:30Z" finished-at="2019-06-09T09:30:32Z">
          <reporter-output>
          </reporter-output>
        </test-method> <!-- testGoogle -->
      </class> <!-- com.basic.TestingGoogleWebservice -->
    </test> <!-- Default test -->
  </suite> <!-- Default suite -->
</testng-results>
